{
  "RSpec": {
    "coverage": {
      "/media/hdd/Ruby/241/httplab/app/models/user.rb": [
        1,
        null,
        null,
        1,
        null,
        null,
        null,
        1,
        null,
        1,
        1,
        null,
        1,
        null,
        16,
        0,
        null,
        16,
        null,
        null,
        null,
        1,
        4,
        4,
        4,
        4,
        null,
        null,
        1,
        0,
        null,
        null
      ],
      "/media/hdd/Ruby/241/httplab/app/models/application_record.rb": [
        1,
        1,
        null
      ],
      "/media/hdd/Ruby/241/httplab/app/helpers/application_helper.rb": [
        1,
        null
      ],
      "/media/hdd/Ruby/241/httplab/app/models/post.rb": [
        1,
        null
      ],
      "/media/hdd/Ruby/241/httplab/app/models/rating.rb": [
        1,
        null
      ],
      "/media/hdd/Ruby/241/httplab/app/jobs/application_job.rb": [
        0,
        0
      ],
      "/media/hdd/Ruby/241/httplab/app/mailers/application_mailer.rb": [
        0,
        0,
        0,
        0
      ],
      "/media/hdd/Ruby/241/httplab/app/channels/application_cable/connection.rb": [
        0,
        0,
        0,
        0
      ],
      "/media/hdd/Ruby/241/httplab/app/channels/application_cable/channel.rb": [
        0,
        0,
        0,
        0
      ],
      "/media/hdd/Ruby/241/httplab/app/controllers/application_controller.rb": [
        0,
        0,
        0
      ]
    },
    "timestamp": 1499499074
  }
}
