{
  "RSpec": {
    "coverage": {
      "/media/hdd/Ruby/241/httplab/app/helpers/application_helper.rb": [
        1,
        null
      ],
      "/media/hdd/Ruby/241/httplab/app/models/post.rb": [
        1,
        1,
        1,
        1,
        1,
        null
      ],
      "/media/hdd/Ruby/241/httplab/app/models/application_record.rb": [
        1,
        1,
        null
      ],
      "/media/hdd/Ruby/241/httplab/app/models/rating.rb": [
        1,
        1,
        1,
        null
      ],
      "/media/hdd/Ruby/241/httplab/app/models/user.rb": [
        1,
        null,
        null,
        1,
        null,
        1,
        1,
        null,
        1,
        1,
        1,
        1,
        null,
        1,
        11,
        11,
        11,
        11,
        null,
        null,
        1,
        3,
        null,
        null
      ],
      "/media/hdd/Ruby/241/httplab/app/controllers/api/v1/user_token_controller.rb": [
        1,
        1,
        1,
        null,
        null,
        null
      ],
      "/media/hdd/Ruby/241/httplab/app/controllers/api/v1/ratings_controller.rb": [
        1,
        1,
        1,
        null,
        null,
        null
      ],
      "/media/hdd/Ruby/241/httplab/app/controllers/api/v1/api_controller.rb": [
        1,
        1,
        1,
        1,
        null,
        1,
        null,
        1,
        1,
        null,
        1,
        3,
        null,
        null,
        1,
        2,
        null,
        null,
        1,
        null,
        1,
        4,
        null,
        null,
        1,
        0,
        null,
        null,
        1,
        2,
        null,
        null,
        1,
        2,
        2,
        null,
        2,
        2,
        null,
        0,
        null,
        null,
        null,
        null,
        null
      ],
      "/media/hdd/Ruby/241/httplab/app/controllers/application_controller.rb": [
        1,
        1,
        1,
        null
      ],
      "/media/hdd/Ruby/241/httplab/app/policies/rating_policy.rb": [
        1,
        1,
        1,
        0,
        null,
        null,
        null,
        1,
        1,
        null,
        null,
        1,
        1,
        null,
        null
      ],
      "/media/hdd/Ruby/241/httplab/app/policies/application_policy.rb": [
        1,
        1,
        null,
        1,
        3,
        3,
        null,
        null,
        1,
        1,
        null,
        1,
        1,
        1,
        null,
        null,
        1,
        0,
        null,
        null,
        null
      ],
      "/media/hdd/Ruby/241/httplab/app/controllers/api/v1/posts_controller.rb": [
        1,
        1,
        1,
        1,
        1,
        1,
        1,
        null,
        null,
        null,
        null
      ],
      "/media/hdd/Ruby/241/httplab/app/policies/post_policy.rb": [
        1,
        1,
        1,
        1,
        null,
        null,
        null,
        1,
        2,
        null,
        null,
        1,
        1,
        null,
        1,
        1,
        null,
        null
      ],
      "/media/hdd/Ruby/241/httplab/app/jobs/application_job.rb": [
        0,
        0
      ],
      "/media/hdd/Ruby/241/httplab/app/mailers/application_mailer.rb": [
        0,
        0,
        0,
        0
      ],
      "/media/hdd/Ruby/241/httplab/app/policies/user_policy.rb": [
        0,
        0
      ],
      "/media/hdd/Ruby/241/httplab/app/channels/application_cable/connection.rb": [
        0,
        0,
        0,
        0
      ],
      "/media/hdd/Ruby/241/httplab/app/channels/application_cable/channel.rb": [
        0,
        0,
        0,
        0
      ]
    },
    "timestamp": 1499511637
  }
}
